<?xml version="1.0" encoding="UTF-8"?>
<!-- Generated by org.testng.reporters.JUnitXMLReporter -->
<testsuite ignored="1" hostname="Macbooks-MacBook-Pro.local" failures="0" tests="1" name="Default test" time="9.293" errors="0" timestamp="2023-11-15T13:12:11 EST">
  <testcase classname="test.HomePageTest" name="medicare" time="3.298"/>
  <testcase classname="test.HomePageTest" name="clickcmsgovTest" time="0.0">
    <ignored/>
  </testcase> <!-- clickcmsgovTest -->
</testsuite> <!-- Default test -->
