<?xml version="1.0" encoding="UTF-8"?>
<testng-results ignored="0" total="1" passed="1" failed="0" skipped="0">
  <reporter-output>
  </reporter-output>
  <suite started-at="2023-11-15T13:12:02 EST" name="Default suite" finished-at="2023-11-15T13:12:11 EST" duration-ms="9293">
    <groups>
    </groups>
    <test started-at="2023-11-15T13:12:02 EST" name="Default test" finished-at="2023-11-15T13:12:11 EST" duration-ms="9293">
      <class name="test.HomePageTest">
        <test-method is-config="true" signature="setUp()[pri:0, instance:test.HomePageTest@63355449]" started-at="2023-11-15T13:12:02 EST" name="setUp" finished-at="2023-11-15T13:12:07 EST" duration-ms="5673" status="PASS">
          <reporter-output>
          </reporter-output>
        </test-method> <!-- setUp -->
        <test-method signature="medicare()[pri:0, instance:test.HomePageTest@63355449]" started-at="2023-11-15T13:12:07 EST" name="medicare" finished-at="2023-11-15T13:12:11 EST" duration-ms="3298" status="PASS">
          <reporter-output>
          </reporter-output>
        </test-method> <!-- medicare -->
        <test-method is-config="true" signature="tearUp()[pri:0, instance:test.HomePageTest@63355449]" started-at="2023-11-15T13:12:11 EST" name="tearUp" finished-at="2023-11-15T13:12:11 EST" duration-ms="266" status="PASS">
          <reporter-output>
          </reporter-output>
        </test-method> <!-- tearUp -->
      </class> <!-- test.HomePageTest -->
    </test> <!-- Default test -->
  </suite> <!-- Default suite -->
</testng-results>
